<?xml version="1.0" encoding="UTF-8"?>
<!-- Generated by org.testng.reporters.JUnitXMLReporter -->
<testsuite ignored="0" hostname="LAPTOP-56DDQ7MR" failures="0" tests="3" name="Tests" time="20.106" errors="0" timestamp="2025-02-12T20:31:11 EET">
  <testcase classname="tests.RegistrationTest" name="testSignUp" time="8.984">
    <skipped/>
  </testcase> <!-- testSignUp -->
  <testcase classname="tests.RegistrationTest" name="login" time="4.356"/>
  <testcase classname="tests.RegistrationTest" name="logout" time="1.664"/>
</testsuite> <!-- Tests -->
