<?xml version="1.0" encoding="UTF-8"?>
<testng-results ignored="0" total="3" passed="2" failed="0" skipped="1">
  <reporter-output>
  </reporter-output>
  <suite started-at="2025-02-12T20:30:50 EET" name="AutomationExerciseTestSuite" finished-at="2025-02-12T20:31:11 EET" duration-ms="20106">
    <groups>
    </groups>
    <test started-at="2025-02-12T20:30:50 EET" name="Tests" finished-at="2025-02-12T20:31:11 EET" duration-ms="20106">
      <class name="tests.RegistrationTest">
        <test-method is-config="true" signature="setUp()[pri:0, instance:tests.RegistrationTest@355ce81c]" started-at="2025-02-12T20:30:50 EET" name="setUp" finished-at="2025-02-12T20:30:55 EET" duration-ms="4777" status="PASS">
          <reporter-output>
          </reporter-output>
        </test-method> <!-- setUp -->
        <test-method signature="testSignUp()[pri:1, instance:tests.RegistrationTest@355ce81c]" started-at="2025-02-12T20:30:55 EET" name="testSignUp" finished-at="2025-02-12T20:31:04 EET" duration-ms="8984" status="SKIP">
          <exception class="org.testng.SkipException">
            <message>
              <![CDATA[Skipping Test 1 - Email Already Exists Test]]>
            </message>
            <full-stacktrace>
              <![CDATA[org.testng.SkipException: Skipping Test 1 - Email Already Exists Test
at tests.RegistrationTest.testSignUp(RegistrationTest.java:59)
at java.base/jdk.internal.reflect.DirectMethodHandleAccessor.invoke(DirectMethodHandleAccessor.java:103)
at java.base/java.lang.reflect.Method.invoke(Method.java:580)
at org.testng.internal.invokers.MethodInvocationHelper.invokeMethod(MethodInvocationHelper.java:141)
at org.testng.internal.invokers.TestInvoker.invokeMethod(TestInvoker.java:686)
at org.testng.internal.invokers.TestInvoker.invokeTestMethod(TestInvoker.java:230)
at org.testng.internal.invokers.MethodRunner.runInSequence(MethodRunner.java:63)
at org.testng.internal.invokers.TestInvoker$MethodInvocationAgent.invoke(TestInvoker.java:992)
at org.testng.internal.invokers.TestInvoker.invokeTestMethods(TestInvoker.java:203)
at org.testng.internal.invokers.TestMethodWorker.invokeTestMethods(TestMethodWorker.java:154)
at org.testng.internal.invokers.TestMethodWorker.run(TestMethodWorker.java:134)
at java.base/java.util.ArrayList.forEach(ArrayList.java:1596)
at org.testng.TestRunner.privateRun(TestRunner.java:739)
at org.testng.TestRunner.run(TestRunner.java:614)
at org.testng.SuiteRunner.runTest(SuiteRunner.java:421)
at org.testng.SuiteRunner.runSequentially(SuiteRunner.java:413)
at org.testng.SuiteRunner.privateRun(SuiteRunner.java:373)
at org.testng.SuiteRunner.run(SuiteRunner.java:312)
at org.testng.SuiteRunnerWorker.runSuite(SuiteRunnerWorker.java:52)
at org.testng.SuiteRunnerWorker.run(SuiteRunnerWorker.java:95)
at org.testng.TestNG.runSuitesSequentially(TestNG.java:1274)
at org.testng.TestNG.runSuitesLocally(TestNG.java:1208)
at org.testng.TestNG.runSuites(TestNG.java:1112)
at org.testng.TestNG.run(TestNG.java:1079)
at org.testng.remote.AbstractRemoteTestNG.run(AbstractRemoteTestNG.java:115)
at org.testng.remote.RemoteTestNG.initAndRun(RemoteTestNG.java:293)
at org.testng.remote.RemoteTestNG.main(RemoteTestNG.java:91)
]]>
            </full-stacktrace>
          </exception> <!-- org.testng.SkipException -->
          <reporter-output>
          </reporter-output>
        </test-method> <!-- testSignUp -->
        <test-method signature="login()[pri:2, instance:tests.RegistrationTest@355ce81c]" started-at="2025-02-12T20:31:04 EET" name="login" finished-at="2025-02-12T20:31:09 EET" duration-ms="4356" status="PASS">
          <reporter-output>
          </reporter-output>
        </test-method> <!-- login -->
        <test-method signature="logout()[pri:3, instance:tests.RegistrationTest@355ce81c]" started-at="2025-02-12T20:31:09 EET" name="logout" finished-at="2025-02-12T20:31:10 EET" depends-on-methods="tests.RegistrationTest.login" duration-ms="1664" status="PASS">
          <reporter-output>
          </reporter-output>
        </test-method> <!-- logout -->
        <test-method is-config="true" signature="tearDown()[pri:0, instance:tests.RegistrationTest@355ce81c]" started-at="2025-02-12T20:31:10 EET" name="tearDown" finished-at="2025-02-12T20:31:11 EET" duration-ms="277" status="PASS">
          <reporter-output>
          </reporter-output>
        </test-method> <!-- tearDown -->
      </class> <!-- tests.RegistrationTest -->
    </test> <!-- Tests -->
  </suite> <!-- AutomationExerciseTestSuite -->
</testng-results>
