<?xml version="1.0" encoding="UTF-8"?>
<!-- Generated by org.testng.reporters.JUnitReportReporter -->
<testsuite hostname="LAPTOP-56DDQ7MR" failures="0" tests="3" name="tests.RegistrationTest" time="15.004" errors="0" timestamp="2025-02-12T20:31:11 EET" skipped="1">
  <testcase classname="tests.RegistrationTest" name="testSignUp" time="8.984">
    <skipped/>
  </testcase> <!-- testSignUp -->
  <testcase classname="tests.RegistrationTest" name="login" time="4.356"/>
  <testcase classname="tests.RegistrationTest" name="logout" time="1.664"/>
</testsuite> <!-- tests.RegistrationTest -->
